<?xml version="1.0" encoding="UTF-8"?>
<!-- Generated by org.testng.reporters.JUnitXMLReporter -->
<testsuite ignored="0" hostname="EB845_G10" failures="1" tests="27" name="chrome" time="301.704" errors="0" timestamp="2024-12-03T12:08:19 ICT">
  <testcase classname="testClasses.AddUserTest" name="CreateGroup" time="11.407"/>
  <testcase classname="testClasses.AddUserTest" name="CreateUser" time="10.54"/>
  <testcase classname="testClasses.AddUserTest" name="CreateUser" time="10.024"/>
  <testcase classname="testClasses.AddUserTest" name="CreateUser" time="10.044"/>
  <testcase classname="testClasses.AddUserTest" name="CreateUser" time="9.846"/>
  <testcase classname="testClasses.AddUserTest" name="CreateUser" time="9.919"/>
  <testcase classname="testClasses.AddUserTest" name="CreateUser" time="9.726"/>
  <testcase classname="testClasses.AddUserTest" name="CreateUser" time="10.283"/>
  <testcase classname="testClasses.AddUserTest" name="CreateUser" time="9.831"/>
  <testcase classname="testClasses.AddUserTest" name="CreateUser" time="10.033"/>
  <testcase classname="testClasses.AddUserTest" name="CreateUser" time="11.97"/>
  <testcase classname="testClasses.AddUserTest" name="CreateUser" time="9.852"/>
  <testcase classname="testClasses.AddUserTest" name="CreateUser" time="9.919"/>
  <testcase classname="testClasses.AddUserTest" name="CreateUser" time="9.725"/>
  <testcase classname="testClasses.AddUserTest" name="CreateUser" time="10.205"/>
  <testcase classname="testClasses.AddUserTest" name="CreateUser" time="9.837"/>
  <testcase classname="testClasses.AddUserTest" name="CreateUser" time="9.706"/>
  <testcase classname="testClasses.AddUserTest" name="CreateUser" time="9.809"/>
  <testcase classname="testClasses.AddUserTest" name="CreateUser" time="10.109"/>
  <testcase classname="testClasses.AddUserTest" name="CreateUser" time="14.621"/>
  <testcase classname="testClasses.AddUserTest" name="CreateUser" time="9.829"/>
  <testcase classname="testClasses.AddUserTest" name="CreateUser" time="12.588"/>
  <testcase classname="testClasses.AddUserTest" name="CreateUser" time="11.069"/>
  <testcase classname="testClasses.AddUserTest" name="CreateUser" time="9.941"/>
  <testcase classname="testClasses.AddUserTest" name="CreateUser" time="9.988"/>
  <testcase classname="testClasses.AddUserTest" name="AddUserToGroup" time="17.923"/>
  <testcase classname="testClasses.AddUserTest" name="AddGroupToAdministratorGroupPage" time="14.975">
    <failure type="java.lang.AssertionError" message="[ERR] Administrator does not existing">
      <![CDATA[java.lang.AssertionError: [ERR] Administrator does not existing
at ults.ElementController.selectElementHasLinkInTable(ElementController.java:253)
at local.sesweb.configuration.administratorManagementPage.addAdminGroupPage.AddAdminGroupController.selectRoleForGroup(AddAdminGroupController.java:26)
at testClasses.AddUserTest.AddGroupToAdministratorGroupPage(AddUserTest.java:102)
at java.base/java.util.concurrent.CompletableFuture$AsyncSupply.run(CompletableFuture.java:1768)
at java.base/java.util.concurrent.ThreadPoolExecutor.runWorker(ThreadPoolExecutor.java:1144)
at java.base/java.util.concurrent.ThreadPoolExecutor$Worker.run(ThreadPoolExecutor.java:642)
at java.base/java.lang.Thread.run(Thread.java:1570)
... Removed 7 stack frames]]>
    </failure>
  </testcase> <!-- AddGroupToAdministratorGroupPage -->
</testsuite> <!-- chrome -->
