{"uuid":"ab8e98a6-ce19-4d82-a941-c3e6c104fb75","historyId":"842abfd8e1a6bef558769c294f2993ef","fullName":"testClasses.ConfigureTest.config_SESWEB","labels":[{"name":"package","value":"testClasses.ConfigureTest"},{"name":"testClass","value":"testClasses.ConfigureTest"},{"name":"testMethod","value":"config_SESWEB"},{"name":"parentSuite","value":"Configure SES WEB/IdP"},{"name":"suite","value":"chrome"},{"name":"subSuite","value":"testClasses.ConfigureTest"},{"name":"host","value":"EB845_G10"},{"name":"thread","value":"75080@EB845_G10.main(1)"},{"name":"framework","value":"testng"},{"name":"language","value":"java"}],"links":[],"name":"Test case SDTC....: Verify can config SES.WEB success","status":"skipped","statusDetails":{"known":false,"muted":false,"flaky":false,"message":"java.lang.RuntimeException: [ERR] could not locate the file: C:\\ConfigureSES/Data/ConfigServerInfo.json","trace":"java.lang.RuntimeException: java.lang.RuntimeException: [ERR] could not locate the file: C:\\ConfigureSES/Data/ConfigServerInfo.json\r\n\tat org.testng.internal.invokers.MethodInvocationHelper.invokeMethodNoCheckedException(MethodInvocationHelper.java:57)\r\n\tat org.testng.internal.invokers.MethodInvocationHelper.invokeDataProvider(MethodInvocationHelper.java:157)\r\n\tat org.testng.internal.Parameters.handleParameters(Parameters.java:812)\r\n\tat org.testng.internal.Parameters.handleParameters(Parameters.java:737)\r\n\tat org.testng.internal.invokers.ParameterHandler.handleParameters(ParameterHandler.java:72)\r\n\tat org.testng.internal.invokers.ParameterHandler.createParameters(ParameterHandler.java:51)\r\n\tat org.testng.internal.invokers.TestInvoker$MethodInvocationAgent.invoke(TestInvoker.java:915)\r\n\tat org.testng.internal.invokers.TestInvoker.invokeTestMethods(TestInvoker.java:201)\r\n\tat org.testng.internal.invokers.TestMethodWorker.invokeTestMethods(TestMethodWorker.java:148)\r\n\tat org.testng.internal.invokers.TestMethodWorker.run(TestMethodWorker.java:128)\r\n\tat java.base/java.util.ArrayList.forEach(ArrayList.java:1597)\r\n\tat org.testng.TestRunner.privateRun(TestRunner.java:819)\r\n\tat org.testng.TestRunner.run(TestRunner.java:619)\r\n\tat org.testng.SuiteRunner.runTest(SuiteRunner.java:443)\r\n\tat org.testng.SuiteRunner.runSequentially(SuiteRunner.java:437)\r\n\tat org.testng.SuiteRunner.privateRun(SuiteRunner.java:397)\r\n\tat org.testng.SuiteRunner.run(SuiteRunner.java:336)\r\n\tat org.testng.SuiteRunnerWorker.runSuite(SuiteRunnerWorker.java:52)\r\n\tat org.testng.SuiteRunnerWorker.run(SuiteRunnerWorker.java:95)\r\n\tat org.testng.TestNG.runSuitesSequentially(TestNG.java:1301)\r\n\tat org.testng.TestNG.runSuitesLocally(TestNG.java:1228)\r\n\tat org.testng.TestNG.runSuites(TestNG.java:1134)\r\n\tat org.testng.TestNG.run(TestNG.java:1101)\r\n\tat testClasses.Main.main(Main.java:75)\r\nCaused by: java.lang.RuntimeException: [ERR] could not locate the file: C:\\ConfigureSES/Data/ConfigServerInfo.json\r\n\tat dataprovider.DataObjectBuilder.buildDataObject(DataObjectBuilder.java:25)\r\n\tat dataprovider.ReadDataFromJSon.configureInfoData(ReadDataFromJSon.java:16)\r\n\tat java.base/jdk.internal.reflect.DirectMethodHandleAccessor.invoke(DirectMethodHandleAccessor.java:103)\r\n\tat java.base/java.lang.reflect.Method.invoke(Method.java:580)\r\n\tat org.testng.internal.invokers.MethodInvocationHelper.invokeMethod(MethodInvocationHelper.java:139)\r\n\tat org.testng.internal.invokers.MethodInvocationHelper.invokeMethod(MethodInvocationHelper.java:84)\r\n\tat org.testng.internal.invokers.MethodInvocationHelper.invokeMethodNoCheckedException(MethodInvocationHelper.java:53)\r\n\t... 23 more\r\n"},"stage":"finished","description":"Make sure admin can configure SES.WEB success","steps":[],"attachments":[],"parameters":[{"name":"browser","value":"chrome"}],"start":1723887423837,"stop":1723887423837}