<?xml version="1.0" encoding="UTF-8"?>
<!-- Generated by org.testng.reporters.JUnitReportReporter -->
<testsuite hostname="EB845_G10" failures="1" tests="27" name="testClasses.AddUserTest" time="301.399" errors="0" timestamp="2024-12-03T12:08:19 ICT" skipped="0">
  <testcase classname="testClasses.AddUserTest" name="CreateUser" time="10.075"/>
  <testcase classname="testClasses.AddUserTest" name="CreateUser" time="10.239"/>
  <testcase classname="testClasses.AddUserTest" name="CreateUser" time="10.261"/>
  <testcase classname="testClasses.AddUserTest" name="CreateUser" time="10.525"/>
  <testcase classname="testClasses.AddUserTest" name="CreateUser" time="11.285"/>
  <testcase classname="testClasses.AddUserTest" name="CreateUser" time="10.448"/>
  <testcase classname="testClasses.AddUserTest" name="CreateUser" time="10.069"/>
  <testcase classname="testClasses.AddUserTest" name="CreateUser" time="12.839"/>
  <testcase classname="testClasses.AddUserTest" name="CreateUser" time="10.281"/>
  <testcase classname="testClasses.AddUserTest" name="CreateGroup" time="11.671"/>
  <testcase classname="testClasses.AddUserTest" name="CreateUser" time="12.219"/>
  <testcase classname="testClasses.AddUserTest" name="CreateUser" time="10.284"/>
  <testcase classname="testClasses.AddUserTest" name="CreateUser" time="10.790"/>
  <testcase classname="testClasses.AddUserTest" name="CreateUser" time="14.856"/>
  <testcase classname="testClasses.AddUserTest" name="CreateUser" time="9.938"/>
  <testcase classname="testClasses.AddUserTest" name="CreateUser" time="10.088"/>
  <testcase classname="testClasses.AddUserTest" name="CreateUser" time="10.075"/>
  <testcase classname="testClasses.AddUserTest" name="CreateUser" time="11.303"/>
  <testcase classname="testClasses.AddUserTest" name="CreateUser" time="10.075"/>
  <testcase classname="testClasses.AddUserTest" name="CreateUser" time="9.983"/>
  <testcase classname="testClasses.AddUserTest" name="AddGroupToAdministratorGroupPage" time="15.221">
    <failure message="[ERR] Administrator does not existing" type="java.lang.AssertionError">
      <![CDATA[java.lang.AssertionError: [ERR] Administrator does not existing
at org.testng.Assert.fail(Assert.java:111)
at ults.ElementController.selectElementHasLinkInTable(ElementController.java:253)
at local.sesweb.configuration.administratorManagementPage.addAdminGroupPage.AddAdminGroupController.selectRoleForGroup(AddAdminGroupController.java:26)
at testClasses.AddUserTest.AddGroupToAdministratorGroupPage(AddUserTest.java:102)
at java.base/jdk.internal.reflect.DirectMethodHandleAccessor.invoke(DirectMethodHandleAccessor.java:103)
at java.base/java.lang.reflect.Method.invoke(Method.java:580)
at org.testng.internal.invokers.MethodInvocationHelper.invokeMethod(MethodInvocationHelper.java:139)
at org.testng.internal.invokers.TestInvoker.invokeMethod(TestInvoker.java:664)
at org.testng.internal.invokers.TestInvoker.invokeTestMethod(TestInvoker.java:228)
at org.testng.internal.invokers.TestMethodWithDataProviderMethodWorker.call(TestMethodWithDataProviderMethodWorker.java:80)
at java.base/java.util.concurrent.CompletableFuture$AsyncSupply.run(CompletableFuture.java:1768)
at java.base/java.util.concurrent.ThreadPoolExecutor.runWorker(ThreadPoolExecutor.java:1144)
at java.base/java.util.concurrent.ThreadPoolExecutor$Worker.run(ThreadPoolExecutor.java:642)
at java.base/java.lang.Thread.run(Thread.java:1570)
]]>
    </failure>
  </testcase> <!-- AddGroupToAdministratorGroupPage -->
  <testcase classname="testClasses.AddUserTest" name="CreateUser" time="10.154"/>
  <testcase classname="testClasses.AddUserTest" name="CreateUser" time="10.043"/>
  <testcase classname="testClasses.AddUserTest" name="CreateUser" time="10.347"/>
  <testcase classname="testClasses.AddUserTest" name="AddUserToGroup" time="18.152"/>
  <testcase classname="testClasses.AddUserTest" name="CreateUser" time="9.982"/>
  <testcase classname="testClasses.AddUserTest" name="CreateUser" time="10.196"/>
</testsuite> <!-- testClasses.AddUserTest -->
